<?xml version="1.0" encoding="UTF-8"?>
<!-- Generated by org.testng.reporters.JUnitReportReporter -->
<testsuite hostname="SUSM2-PF10BF2S" name="com.automation.crm.web.exa.testCase" tests="5" failures="0" timestamp="23 Mar 2018 09:58:15 GMT" time="203.237" errors="0">
  <testcase name="test_step5" time="49.432" classname="com.automation.crm.web.exa.testCase"/>
  <testcase name="test_step4" time="43.515" classname="com.automation.crm.web.exa.testCase"/>
  <testcase name="test_step3" time="41.682" classname="com.automation.crm.web.exa.testCase"/>
  <testcase name="test_step2" time="42.790" classname="com.automation.crm.web.exa.testCase"/>
  <testcase name="test_step1" time="25.818" classname="com.automation.crm.web.exa.testCase"/>
</testsuite> <!-- com.automation.crm.web.exa.testCase -->
